Arguments: 
  /Users/neprotod/.nvm/versions/node/v14.18.0/bin/node /Users/neprotod/.nvm/versions/node/v14.18.0/bin/yarn add @hotwired

PATH: 
  /Users/neprotod/.rvm/gems/ruby-3.1.3/bin:/Users/neprotod/.rvm/gems/ruby-3.1.3@global/bin:/Users/neprotod/.rvm/rubies/ruby-3.1.3/bin:/Users/neprotod/.rvm/bin:/Users/neprotod/.nvm/versions/node/v14.18.0/bin:/Library/Frameworks/Python.framework/Versions/3.10/bin:/opt/homebrew/bin:/opt/homebrew/sbin:/usr/local/bin:/usr/bin:/bin:/usr/sbin:/sbin:/usr/local/sbin

Yarn version: 
  1.22.19

Node version: 
  14.18.0

Platform: 
  darwin x64

Trace: 
  Error: https://registry.yarnpkg.com/@hotwired: Request "https://registry.yarnpkg.com/@hotwired" returned a 405
      at Request.params.callback [as _callback] (/Users/neprotod/.nvm/versions/node/v14.18.0/lib/node_modules/yarn/lib/cli.js:66154:18)
      at Request.self.callback (/Users/neprotod/.nvm/versions/node/v14.18.0/lib/node_modules/yarn/lib/cli.js:140890:22)
      at Request.emit (events.js:400:28)
      at Request.<anonymous> (/Users/neprotod/.nvm/versions/node/v14.18.0/lib/node_modules/yarn/lib/cli.js:141862:10)
      at Request.emit (events.js:400:28)
      at IncomingMessage.<anonymous> (/Users/neprotod/.nvm/versions/node/v14.18.0/lib/node_modules/yarn/lib/cli.js:141784:12)
      at Object.onceWrapper (events.js:519:28)
      at IncomingMessage.emit (events.js:412:35)
      at endReadableNT (internal/streams/readable.js:1334:12)
      at processTicksAndRejections (internal/process/task_queues.js:82:21)

npm manifest: 
  {
    "name": "app",
    "private": "true",
    "dependencies": {
      "@hotwired/stimulus": "^3.2.1",
      "@hotwired/turbo-rails": "^7.3.0",
      "@popperjs/core": "^2.11.8",
      "autoprefixer": "^10.4.14",
      "bootstrap": "^5.3.0",
      "bootstrap-icons": "^1.10.5",
      "esbuild": "^0.18.11",
      "nodemon": "^2.0.22",
      "postcss": "^8.4.24",
      "postcss-cli": "^10.1.0",
      "sass": "^1.63.6"
    },
    "scripts": { "build": "esbuild app/javascript/*.* --bundle --sourcemap --outdir=app/assets/builds --public-path=/assets" }
  }

yarn manifest: 
  No manifest

Lockfile: 
  
